# JRE version: Java(TM) SE Runtime Environment (8.0_152-b16) (build 1.8.0_152-b16)
# Java VM: Java HotSpot(TM) 64-Bit Server VM (25.152-b16 mixed mode windows-amd64 compressed oops)
Heap:
 PSYoungGen      total 1299456K, used 1001556K [0x0000000715580000, 0x0000000779400000, 0x00000007c0000000)
  eden space 1234432K, 77% used [0x0000000715580000,0x000000074ff453b0,0x0000000760b00000)
  from space 65024K, 63% used [0x0000000760b00000,0x0000000763350040,0x0000000764a80000)
  to   space 99328K, 0% used [0x0000000773300000,0x0000000773300000,0x0000000779400000)
 ParOldGen       total 1118720K, used 210780K [0x00000005c0000000, 0x0000000604480000, 0x0000000715580000)
  object space 1118720K, 18% used [0x00000005c0000000,0x00000005ccdd7368,0x0000000604480000)
 Metaspace       used 64343K, capacity 65058K, committed 65280K, reserved 1105920K
  class space    used 9486K, capacity 9636K, committed 9728K, reserved 1048576K
GC Heap History (10 events):
Event: 22.356 GC heap before
{Heap before GC invocations=22 (full 3):
 PSYoungGen      total 1266688K, used 1250144K [0x0000000715580000, 0x0000000768a00000, 0x00000007c0000000)
  eden space 1234432K, 100% used [0x0000000715580000,0x0000000760b00000,0x0000000760b00000)
  from space 32256K, 48% used [0x0000000766a80000,0x00000007679d8040,0x0000000768a00000)
  to   space 65024K, 0% used [0x0000000760b00000,0x0000000760b00000,0x0000000764a80000)
 ParOldGen       total 1118720K, used 210628K [0x00000005c0000000, 0x0000000604480000, 0x0000000715580000)
  object space 1118720K, 18% used [0x00000005c0000000,0x00000005ccdb1368,0x0000000604480000)
 Metaspace       used 64254K, capacity 64980K, committed 65280K, reserved 1105920K
  class space    used 9479K, capacity 9623K, committed 9728K, reserved 1048576K
Event: 22.411 GC heap after
Heap after GC invocations=22 (full 3):
 PSYoungGen      total 1299456K, used 1760K [0x0000000715580000, 0x0000000779400000, 0x00000007c0000000)
  eden space 1234432K, 0% used [0x0000000715580000,0x0000000715580000,0x0000000760b00000)
  from space 65024K, 2% used [0x0000000760b00000,0x0000000760cb8040,0x0000000764a80000)
  to   space 99328K, 0% used [0x0000000773300000,0x0000000773300000,0x0000000779400000)
 ParOldGen       total 1118720K, used 210628K [0x00000005c0000000, 0x0000000604480000, 0x0000000715580000)
  object space 1118720K, 18% used [0x00000005c0000000,0x00000005ccdb1368,0x0000000604480000)
 Metaspace       used 64254K, capacity 64980K, committed 65280K, reserved 1105920K
  class space    used 9479K, capacity 9623K, committed 9728K, reserved 1048576K
}
Event: 23.217 GC heap before
{Heap before GC invocations=23 (full 3):
 PSYoungGen      total 1299456K, used 1236192K [0x0000000715580000, 0x0000000779400000, 0x00000007c0000000)
  eden space 1234432K, 100% used [0x0000000715580000,0x0000000760b00000,0x0000000760b00000)
  from space 65024K, 2% used [0x0000000760b00000,0x0000000760cb8040,0x0000000764a80000)
  to   space 99328K, 0% used [0x0000000773300000,0x0000000773300000,0x0000000779400000)
 ParOldGen       total 1118720K, used 210628K [0x00000005c0000000, 0x0000000604480000, 0x0000000715580000)
  object space 1118720K, 18% used [0x00000005c0000000,0x00000005ccdb1368,0x0000000604480000)
 Metaspace       used 64255K, capacity 64980K, committed 65280K, reserved 1105920K
  class space    used 9479K, capacity 9623K, committed 9728K, reserved 1048576K
Event: 23.265 GC heap after
Heap after GC invocations=23 (full 3):
 PSYoungGen      total 1333760K, used 75424K [0x0000000715580000, 0x0000000779400000, 0x00000007c0000000)
  eden space 1234432K, 0% used [0x0000000715580000,0x0000000715580000,0x0000000760b00000)
  from space 99328K, 75% used [0x0000000773300000,0x0000000777ca8040,0x0000000779400000)
  to   space 65024K, 0% used [0x0000000760b00000,0x0000000760b00000,0x0000000764a80000)
 ParOldGen       total 1118720K, used 210628K [0x00000005c0000000, 0x0000000604480000, 0x0000000715580000)
  object space 1118720K, 18% used [0x00000005c0000000,0x00000005ccdb1368,0x0000000604480000)
 Metaspace       used 64255K, capacity 64980K, committed 65280K, reserved 1105920K
  class space    used 9479K, capacity 9623K, committed 9728K, reserved 1048576K
}
Event: 24.699 GC heap before
{Heap before GC invocations=24 (full 3):
 PSYoungGen      total 1333760K, used 1309856K [0x0000000715580000, 0x0000000779400000, 0x00000007c0000000)
  eden space 1234432K, 100% used [0x0000000715580000,0x0000000760b00000,0x0000000760b00000)
  from space 99328K, 75% used [0x0000000773300000,0x0000000777ca8040,0x0000000779400000)
  to   space 65024K, 0% used [0x0000000760b00000,0x0000000760b00000,0x0000000764a80000)
 ParOldGen       total 1118720K, used 210628K [0x00000005c0000000, 0x0000000604480000, 0x0000000715580000)
  object space 1118720K, 18% used [0x00000005c0000000,0x00000005ccdb1368,0x0000000604480000)
 Metaspace       used 64272K, capacity 64980K, committed 65280K, reserved 1105920K
  class space    used 9479K, capacity 9623K, committed 9728K, reserved 1048576K
Event: 24.737 GC heap after
Heap after GC invocations=24 (full 3):
 PSYoungGen      total 1299456K, used 64992K [0x0000000715580000, 0x0000000779400000, 0x00000007c0000000)
  eden space 1234432K, 0% used [0x0000000715580000,0x0000000715580000,0x0000000760b00000)
  from space 65024K, 99% used [0x0000000760b00000,0x0000000764a78040,0x0000000764a80000)
  to   space 99328K, 0% used [0x0000000773300000,0x0000000773300000,0x0000000779400000)
 ParOldGen       total 1118720K, used 210708K [0x00000005c0000000, 0x0000000604480000, 0x0000000715580000)
  object space 1118720K, 18% used [0x00000005c0000000,0x00000005ccdc5368,0x0000000604480000)
 Metaspace       used 64272K, capacity 64980K, committed 65280K, reserved 1105920K
  class space    used 9479K, capacity 9623K, committed 9728K, reserved 1048576K
}
Event: 26.236 GC heap before
{Heap before GC invocations=25 (full 3):
 PSYoungGen      total 1299456K, used 1299424K [0x0000000715580000, 0x0000000779400000, 0x00000007c0000000)
  eden space 1234432K, 100% used [0x0000000715580000,0x0000000760b00000,0x0000000760b00000)
  from space 65024K, 99% used [0x0000000760b00000,0x0000000764a78040,0x0000000764a80000)
  to   space 99328K, 0% used [0x0000000773300000,0x0000000773300000,0x0000000779400000)
 ParOldGen       total 1118720K, used 210708K [0x00000005c0000000, 0x0000000604480000, 0x0000000715580000)
  object space 1118720K, 18% used [0x00000005c0000000,0x00000005ccdc5368,0x0000000604480000)
 Metaspace       used 64298K, capacity 65010K, committed 65280K, reserved 1105920K
  class space    used 9482K, capacity 9628K, committed 9728K, reserved 1048576K
Event: 26.267 GC heap after
Heap after GC invocations=25 (full 3):
 PSYoungGen      total 1333760K, used 52544K [0x0000000715580000, 0x0000000779400000, 0x00000007c0000000)
  eden space 1234432K, 0% used [0x0000000715580000,0x0000000715580000,0x0000000760b00000)
  from space 99328K, 52% used [0x0000000773300000,0x0000000776650040,0x0000000779400000)
  to   space 65024K, 0% used [0x0000000760b00000,0x0000000760b00000,0x0000000764a80000)
 ParOldGen       total 1118720K, used 210748K [0x00000005c0000000, 0x0000000604480000, 0x0000000715580000)
  object space 1118720K, 18% used [0x00000005c0000000,0x00000005ccdcf368,0x0000000604480000)
 Metaspace       used 64298K, capacity 65010K, committed 65280K, reserved 1105920K
  class space    used 9482K, capacity 9628K, committed 9728K, reserved 1048576K
}
Event: 27.773 GC heap before
{Heap before GC invocations=26 (full 3):
 PSYoungGen      total 1333760K, used 1286976K [0x0000000715580000, 0x0000000779400000, 0x00000007c0000000)
  eden space 1234432K, 100% used [0x0000000715580000,0x0000000760b00000,0x0000000760b00000)
  from space 99328K, 52% used [0x0000000773300000,0x0000000776650040,0x0000000779400000)
  to   space 65024K, 0% used [0x0000000760b00000,0x0000000760b00000,0x0000000764a80000)
 ParOldGen       total 1118720K, used 210748K [0x00000005c0000000, 0x0000000604480000, 0x0000000715580000)
  object space 1118720K, 18% used [0x00000005c0000000,0x00000005ccdcf368,0x0000000604480000)
 Metaspace       used 64309K, capacity 65010K, committed 65280K, reserved 1105920K
  class space    used 9482K, capacity 9628K, committed 9728K, reserved 1048576K
Event: 27.799 GC heap after
Heap after GC invocations=26 (full 3):
 PSYoungGen      total 1299456K, used 41280K [0x0000000715580000, 0x0000000779400000, 0x00000007c0000000)
  eden space 1234432K, 0% used [0x0000000715580000,0x0000000715580000,0x0000000760b00000)
  from space 65024K, 63% used [0x0000000760b00000,0x0000000763350040,0x0000000764a80000)
  to   space 99328K, 0% used [0x0000000773300000,0x0000000773300000,0x0000000779400000)
 ParOldGen       total 1118720K, used 210780K [0x00000005c0000000, 0x0000000604480000, 0x0000000715580000)
  object space 1118720K, 18% used [0x00000005c0000000,0x00000005ccdd7368,0x0000000604480000)
 Metaspace       used 64309K, capacity 65010K, committed 65280K, reserved 1105920K
  class space    used 9482K, capacity 9628K, committed 9728K, reserved 1048576K
}

